2023-12-02 11:46:26,658 [INFO] core.trainer: {'data_root': './WebCaricature', 'image_size': 84, 'use_memory': False, 'augment': True, 'augment_times': 2, 'augment_times_query': 1, 'workers': 8, 'dataloader_num': 1, 'device_ids': 0, 'n_gpu': 1, 'seed': 2147483647, 'deterministic': True, 'port': 41454, 'log_name': None, 'log_level': 'info', 'log_interval': 100, 'log_paramerter': False, 'result_root': './results', 'save_interval': 50, 'save_part': ['emb_func'], 'tag': None, 'epoch': 10, 'test_epoch': 5, 'parallel_part': ['emb_func'], 'pretrain_path': './results/ADM-WebCaricature-resnet12-5-1-Dec-01-2023-23-15-46/checkpoints/emb_func_best.pth', 'resume': False, 'way_num': 5, 'shot_num': 1, 'query_num': 15, 'test_way': 5, 'test_shot': 1, 'test_query': 15, 'episode_size': 1, 'train_episode': 1000, 'test_episode': 1000, 'batch_size': 64, 'val_per_epoch': 1, 'optimizer': {'kwargs': {'lr': 5e-05, 'momentum': 0.9, 'nesterov': True, 'weight_decay': 0.0005}, 'name': 'SGD', 'other': None}, 'lr_scheduler': {'kwargs': {'gamma': 0.2, 'milestones': [5]}, 'name': 'MultiStepLR'}, 'warmup': 0, 'includes': ['headers/data.yaml', 'headers/device.yaml', 'headers/misc.yaml', 'headers/model.yaml', 'headers/optimizer.yaml', 'classifiers/ADM.yaml', 'backbones/Conv64F.yaml'], 'classifier': {'name': 'ADM', 'kwargs': {'n_k': 3}}, 'backbone': {'name': 'resnet12', 'kwargs': {'maxpool_last2': False, 'is_flatten': False}}, 'tb_scale': 1.0, 'rank': 0}
2023-12-02 11:46:26,921 [INFO] core.trainer: ADM(
  (emb_func): ResNet(
    (layer1): Sequential(
      (0): BasicBlock(
        (conv1): Conv2d(3, 64, kernel_size=(3, 3), stride=(1, 1), padding=(1, 1), bias=False)
        (bn1): BatchNorm2d(64, eps=1e-05, momentum=0.1, affine=True, track_running_stats=True)
        (relu): LeakyReLU(negative_slope=0.1)
        (conv2): Conv2d(64, 64, kernel_size=(3, 3), stride=(1, 1), padding=(1, 1), bias=False)
        (bn2): BatchNorm2d(64, eps=1e-05, momentum=0.1, affine=True, track_running_stats=True)
        (conv3): Conv2d(64, 64, kernel_size=(3, 3), stride=(1, 1), padding=(1, 1), bias=False)
        (bn3): BatchNorm2d(64, eps=1e-05, momentum=0.1, affine=True, track_running_stats=True)
        (maxpool): MaxPool2d(kernel_size=2, stride=2, padding=0, dilation=1, ceil_mode=False)
        (downsample): Sequential(
          (0): Conv2d(3, 64, kernel_size=(1, 1), stride=(1, 1), bias=False)
          (1): BatchNorm2d(64, eps=1e-05, momentum=0.1, affine=True, track_running_stats=True)
        )
        (DropBlock): DropBlock()
      )
    )
    (layer2): Sequential(
      (0): BasicBlock(
        (conv1): Conv2d(64, 160, kernel_size=(3, 3), stride=(1, 1), padding=(1, 1), bias=False)
        (bn1): BatchNorm2d(160, eps=1e-05, momentum=0.1, affine=True, track_running_stats=True)
        (relu): LeakyReLU(negative_slope=0.1)
        (conv2): Conv2d(160, 160, kernel_size=(3, 3), stride=(1, 1), padding=(1, 1), bias=False)
        (bn2): BatchNorm2d(160, eps=1e-05, momentum=0.1, affine=True, track_running_stats=True)
        (conv3): Conv2d(160, 160, kernel_size=(3, 3), stride=(1, 1), padding=(1, 1), bias=False)
        (bn3): BatchNorm2d(160, eps=1e-05, momentum=0.1, affine=True, track_running_stats=True)
        (maxpool): MaxPool2d(kernel_size=2, stride=2, padding=0, dilation=1, ceil_mode=False)
        (downsample): Sequential(
          (0): Conv2d(64, 160, kernel_size=(1, 1), stride=(1, 1), bias=False)
          (1): BatchNorm2d(160, eps=1e-05, momentum=0.1, affine=True, track_running_stats=True)
        )
        (DropBlock): DropBlock()
      )
    )
    (layer3): Sequential(
      (0): BasicBlock(
        (conv1): Conv2d(160, 320, kernel_size=(3, 3), stride=(1, 1), padding=(1, 1), bias=False)
        (bn1): BatchNorm2d(320, eps=1e-05, momentum=0.1, affine=True, track_running_stats=True)
        (relu): LeakyReLU(negative_slope=0.1)
        (conv2): Conv2d(320, 320, kernel_size=(3, 3), stride=(1, 1), padding=(1, 1), bias=False)
        (bn2): BatchNorm2d(320, eps=1e-05, momentum=0.1, affine=True, track_running_stats=True)
        (conv3): Conv2d(320, 320, kernel_size=(3, 3), stride=(1, 1), padding=(1, 1), bias=False)
        (bn3): BatchNorm2d(320, eps=1e-05, momentum=0.1, affine=True, track_running_stats=True)
        (maxpool): MaxPool2d(kernel_size=2, stride=2, padding=0, dilation=1, ceil_mode=False)
        (downsample): Sequential(
          (0): Conv2d(160, 320, kernel_size=(1, 1), stride=(1, 1), bias=False)
          (1): BatchNorm2d(320, eps=1e-05, momentum=0.1, affine=True, track_running_stats=True)
        )
        (DropBlock): DropBlock()
      )
    )
    (layer4): Sequential(
      (0): BasicBlock(
        (conv1): Conv2d(320, 640, kernel_size=(3, 3), stride=(1, 1), padding=(1, 1), bias=False)
        (bn1): BatchNorm2d(640, eps=1e-05, momentum=0.1, affine=True, track_running_stats=True)
        (relu): LeakyReLU(negative_slope=0.1)
        (conv2): Conv2d(640, 640, kernel_size=(3, 3), stride=(1, 1), padding=(1, 1), bias=False)
        (bn2): BatchNorm2d(640, eps=1e-05, momentum=0.1, affine=True, track_running_stats=True)
        (conv3): Conv2d(640, 640, kernel_size=(3, 3), stride=(1, 1), padding=(1, 1), bias=False)
        (bn3): BatchNorm2d(640, eps=1e-05, momentum=0.1, affine=True, track_running_stats=True)
        (maxpool): MaxPool2d(kernel_size=2, stride=2, padding=0, dilation=1, ceil_mode=False)
        (downsample): Sequential(
          (0): Conv2d(320, 640, kernel_size=(1, 1), stride=(1, 1), bias=False)
          (1): BatchNorm2d(640, eps=1e-05, momentum=0.1, affine=True, track_running_stats=True)
        )
        (DropBlock): DropBlock()
      )
    )
    (avgpool): AvgPool2d(kernel_size=5, stride=1, padding=0)
    (dropout): Dropout(p=0.0, inplace=False)
  )
  (adm_layer): ADMLayer(
    (normLayer): BatchNorm1d(10, eps=1e-05, momentum=0.1, affine=True, track_running_stats=True)
    (fcLayer): Conv1d(1, 1, kernel_size=(2,), stride=(1,), dilation=(5,), bias=False)
  )
  (loss_func): CrossEntropyLoss()
)
2023-12-02 11:46:26,973 [INFO] core.trainer: Trainable params in the model: 12424342
2023-12-02 11:46:26,976 [INFO] core.trainer: load pretraining emb_func from ./results/ADM-WebCaricature-resnet12-5-1-Dec-01-2023-23-15-46/checkpoints/emb_func_best.pth
2023-12-02 11:46:32,590 [INFO] core.trainer: load 10336 train image with 200 label.
2023-12-02 11:46:34,292 [INFO] core.trainer: load 1254 val image with 32 label.
2023-12-02 11:46:34,810 [INFO] core.trainer: load 1254 test image with 32 label.
2023-12-02 11:46:35,592 [INFO] core.trainer: SGD (
Parameter Group 0
    dampening: 0
    initial_lr: 5e-05
    lr: 5e-05
    momentum: 0.9
    nesterov: True
    weight_decay: 0.0005
)
2023-12-02 11:46:35,605 [INFO] core.trainer: ============ Train on the train set ============
2023-12-02 11:46:35,608 [INFO] core.trainer: learning rate: [5e-05]
2023-12-02 11:47:22,094 [INFO] core.trainer: Epoch-(0): [100/1000]	Time 0.475 (0.464)	Calc 0.405 (0.395)	Data 0.002 (0.001)	Loss 0.748 (0.758)	Acc@1 100.000 (99.547)
2023-12-02 11:48:10,014 [INFO] core.trainer: Epoch-(0): [200/1000]	Time 0.475 (0.471)	Calc 0.405 (0.402)	Data 0.001 (0.001)	Loss 0.719 (0.717)	Acc@1 98.667 (99.487)
2023-12-02 11:48:58,077 [INFO] core.trainer: Epoch-(0): [300/1000]	Time 0.479 (0.474)	Calc 0.410 (0.405)	Data 0.001 (0.001)	Loss 0.643 (0.679)	Acc@1 100.000 (99.529)
2023-12-02 11:49:45,186 [INFO] core.trainer: Epoch-(0): [400/1000]	Time 0.470 (0.473)	Calc 0.401 (0.404)	Data 0.001 (0.001)	Loss 0.434 (0.650)	Acc@1 100.000 (99.483)
2023-12-02 11:50:33,336 [INFO] core.trainer: Epoch-(0): [500/1000]	Time 0.474 (0.475)	Calc 0.405 (0.406)	Data 0.001 (0.001)	Loss 0.496 (0.622)	Acc@1 100.000 (99.440)
2023-12-02 11:51:21,482 [INFO] core.trainer: Epoch-(0): [600/1000]	Time 0.480 (0.476)	Calc 0.410 (0.407)	Data 0.001 (0.001)	Loss 0.393 (0.596)	Acc@1 100.000 (99.456)
2023-12-02 11:52:08,994 [INFO] core.trainer: Epoch-(0): [700/1000]	Time 0.470 (0.476)	Calc 0.401 (0.406)	Data 0.001 (0.001)	Loss 0.390 (0.572)	Acc@1 98.667 (99.469)
2023-12-02 11:52:55,572 [INFO] core.trainer: Epoch-(0): [800/1000]	Time 0.480 (0.474)	Calc 0.410 (0.405)	Data 0.001 (0.001)	Loss 0.424 (0.552)	Acc@1 100.000 (99.467)
2023-12-02 11:53:43,530 [INFO] core.trainer: Epoch-(0): [900/1000]	Time 0.478 (0.475)	Calc 0.409 (0.406)	Data 0.001 (0.001)	Loss 0.328 (0.531)	Acc@1 100.000 (99.487)
2023-12-02 11:54:31,249 [INFO] core.trainer: Epoch-(0): [1000/1000]	Time 0.468 (0.475)	Calc 0.399 (0.406)	Data 0.001 (0.001)	Loss 0.286 (0.513)	Acc@1 100.000 (99.495)
2023-12-02 11:54:31,254 [INFO] core.trainer:  * Acc@1 99.495 
2023-12-02 11:54:31,256 [INFO] core.trainer: ============ Validation on the val set ============
2023-12-02 11:54:39,519 [INFO] core.trainer: Epoch-(0): [100/1000]	Time 0.083 (0.082)	Calc 0.080 (0.079)	Data 0.001 (0.001)	Acc@1 74.667 (83.600)
2023-12-02 11:54:47,769 [INFO] core.trainer: Epoch-(0): [200/1000]	Time 0.082 (0.082)	Calc 0.079 (0.079)	Data 0.001 (0.001)	Acc@1 78.667 (83.327)
2023-12-02 11:54:56,009 [INFO] core.trainer: Epoch-(0): [300/1000]	Time 0.081 (0.082)	Calc 0.078 (0.078)	Data 0.001 (0.001)	Acc@1 97.333 (83.942)
2023-12-02 11:55:04,228 [INFO] core.trainer: Epoch-(0): [400/1000]	Time 0.081 (0.082)	Calc 0.077 (0.078)	Data 0.002 (0.001)	Acc@1 88.000 (84.037)
2023-12-02 11:55:12,466 [INFO] core.trainer: Epoch-(0): [500/1000]	Time 0.082 (0.082)	Calc 0.078 (0.078)	Data 0.002 (0.001)	Acc@1 97.333 (84.032)
2023-12-02 11:55:20,712 [INFO] core.trainer: Epoch-(0): [600/1000]	Time 0.079 (0.082)	Calc 0.075 (0.078)	Data 0.001 (0.001)	Acc@1 100.000 (84.051)
2023-12-02 11:55:29,001 [INFO] core.trainer: Epoch-(0): [700/1000]	Time 0.079 (0.082)	Calc 0.075 (0.078)	Data 0.001 (0.001)	Acc@1 93.333 (84.387)
2023-12-02 11:55:37,236 [INFO] core.trainer: Epoch-(0): [800/1000]	Time 0.086 (0.082)	Calc 0.083 (0.078)	Data 0.001 (0.001)	Acc@1 80.000 (84.532)
2023-12-02 11:55:45,460 [INFO] core.trainer: Epoch-(0): [900/1000]	Time 0.085 (0.082)	Calc 0.082 (0.078)	Data 0.000 (0.001)	Acc@1 81.333 (84.517)
2023-12-02 11:55:53,700 [INFO] core.trainer: Epoch-(0): [1000/1000]	Time 0.086 (0.082)	Calc 0.082 (0.078)	Data 0.001 (0.001)	Acc@1 85.333 (84.433)
2023-12-02 11:55:53,704 [INFO] core.trainer:  * Acc@1 84.433 Best acc -inf
2023-12-02 11:55:53,706 [INFO] core.trainer: ============ Testing on the test set ============
2023-12-02 11:56:02,222 [INFO] core.trainer: Epoch-(0): [100/1000]	Time 0.080 (0.081)	Calc 0.077 (0.078)	Data 0.001 (0.001)	Acc@1 76.000 (83.307)
2023-12-02 11:56:10,482 [INFO] core.trainer: Epoch-(0): [200/1000]	Time 0.082 (0.082)	Calc 0.078 (0.078)	Data 0.001 (0.001)	Acc@1 78.667 (83.287)
2023-12-02 11:56:18,763 [INFO] core.trainer: Epoch-(0): [300/1000]	Time 0.079 (0.082)	Calc 0.076 (0.078)	Data 0.000 (0.001)	Acc@1 96.000 (83.698)
2023-12-02 11:56:26,996 [INFO] core.trainer: Epoch-(0): [400/1000]	Time 0.083 (0.082)	Calc 0.079 (0.078)	Data 0.001 (0.001)	Acc@1 84.000 (84.383)
2023-12-02 11:56:35,250 [INFO] core.trainer: Epoch-(0): [500/1000]	Time 0.082 (0.082)	Calc 0.079 (0.078)	Data 0.001 (0.001)	Acc@1 85.333 (84.435)
2023-12-02 11:56:43,514 [INFO] core.trainer: Epoch-(0): [600/1000]	Time 0.080 (0.082)	Calc 0.076 (0.078)	Data 0.001 (0.001)	Acc@1 85.333 (84.258)
2023-12-02 11:56:51,743 [INFO] core.trainer: Epoch-(0): [700/1000]	Time 0.082 (0.082)	Calc 0.079 (0.078)	Data 0.001 (0.001)	Acc@1 92.000 (84.602)
2023-12-02 11:57:00,036 [INFO] core.trainer: Epoch-(0): [800/1000]	Time 0.088 (0.082)	Calc 0.085 (0.078)	Data 0.001 (0.001)	Acc@1 94.667 (84.447)
2023-12-02 11:57:08,235 [INFO] core.trainer: Epoch-(0): [900/1000]	Time 0.079 (0.082)	Calc 0.076 (0.078)	Data 0.001 (0.001)	Acc@1 93.333 (84.545)
2023-12-02 11:57:16,466 [INFO] core.trainer: Epoch-(0): [1000/1000]	Time 0.078 (0.082)	Calc 0.075 (0.078)	Data 0.001 (0.001)	Acc@1 85.333 (84.571)
2023-12-02 11:57:16,470 [INFO] core.trainer:  * Acc@1 84.571 Best acc -inf
2023-12-02 11:57:16,472 [INFO] core.trainer:  * Time: 0:10:40/1:46:40
2023-12-02 11:57:16,923 [INFO] core.trainer: ============ Train on the train set ============
2023-12-02 11:57:16,926 [INFO] core.trainer: learning rate: [5e-05]
2023-12-02 11:58:04,462 [INFO] core.trainer: Epoch-(1): [100/1000]	Time 0.480 (0.475)	Calc 0.410 (0.405)	Data 0.001 (0.001)	Loss 0.345 (0.325)	Acc@1 100.000 (99.627)
2023-12-02 11:58:52,537 [INFO] core.trainer: Epoch-(1): [200/1000]	Time 0.467 (0.477)	Calc 0.399 (0.408)	Data 0.001 (0.001)	Loss 0.305 (0.323)	Acc@1 100.000 (99.487)
2023-12-02 11:59:39,236 [INFO] core.trainer: Epoch-(1): [300/1000]	Time 0.472 (0.474)	Calc 0.402 (0.405)	Data 0.001 (0.001)	Loss 0.270 (0.313)	Acc@1 100.000 (99.560)
2023-12-02 12:00:27,646 [INFO] core.trainer: Epoch-(1): [400/1000]	Time 0.460 (0.476)	Calc 0.391 (0.407)	Data 0.001 (0.001)	Loss 0.332 (0.305)	Acc@1 98.667 (99.570)
2023-12-02 12:01:15,720 [INFO] core.trainer: Epoch-(1): [500/1000]	Time 0.481 (0.477)	Calc 0.411 (0.408)	Data 0.001 (0.001)	Loss 0.288 (0.298)	Acc@1 98.667 (99.568)
2023-12-02 12:02:04,118 [INFO] core.trainer: Epoch-(1): [600/1000]	Time 0.487 (0.478)	Calc 0.418 (0.409)	Data 0.001 (0.001)	Loss 0.252 (0.291)	Acc@1 100.000 (99.571)
2023-12-02 12:02:52,203 [INFO] core.trainer: Epoch-(1): [700/1000]	Time 0.446 (0.478)	Calc 0.382 (0.409)	Data 0.001 (0.001)	Loss 0.243 (0.283)	Acc@1 100.000 (99.581)
2023-12-02 12:03:39,490 [INFO] core.trainer: Epoch-(1): [800/1000]	Time 0.464 (0.478)	Calc 0.395 (0.408)	Data 0.001 (0.001)	Loss 0.198 (0.277)	Acc@1 100.000 (99.597)
2023-12-02 12:04:26,755 [INFO] core.trainer: Epoch-(1): [900/1000]	Time 0.470 (0.477)	Calc 0.404 (0.408)	Data 0.001 (0.001)	Loss 0.281 (0.271)	Acc@1 98.667 (99.609)
2023-12-02 12:05:14,063 [INFO] core.trainer: Epoch-(1): [1000/1000]	Time 0.486 (0.477)	Calc 0.416 (0.407)	Data 0.001 (0.001)	Loss 0.216 (0.267)	Acc@1 100.000 (99.608)
2023-12-02 12:05:14,068 [INFO] core.trainer:  * Acc@1 99.608 
2023-12-02 12:05:14,070 [INFO] core.trainer: ============ Validation on the val set ============
2023-12-02 12:05:22,296 [INFO] core.trainer: Epoch-(1): [100/1000]	Time 0.084 (0.082)	Calc 0.081 (0.078)	Data 0.001 (0.001)	Acc@1 90.667 (84.053)
2023-12-02 12:05:30,521 [INFO] core.trainer: Epoch-(1): [200/1000]	Time 0.085 (0.082)	Calc 0.081 (0.078)	Data 0.002 (0.001)	Acc@1 90.667 (84.560)
2023-12-02 12:05:38,754 [INFO] core.trainer: Epoch-(1): [300/1000]	Time 0.079 (0.082)	Calc 0.075 (0.078)	Data 0.001 (0.001)	Acc@1 96.000 (84.698)
2023-12-02 12:05:46,984 [INFO] core.trainer: Epoch-(1): [400/1000]	Time 0.082 (0.082)	Calc 0.079 (0.078)	Data 0.001 (0.001)	Acc@1 85.333 (84.847)
2023-12-02 12:05:55,200 [INFO] core.trainer: Epoch-(1): [500/1000]	Time 0.085 (0.082)	Calc 0.082 (0.078)	Data 0.001 (0.001)	Acc@1 81.333 (84.749)
2023-12-02 12:06:03,434 [INFO] core.trainer: Epoch-(1): [600/1000]	Time 0.083 (0.082)	Calc 0.080 (0.078)	Data 0.001 (0.001)	Acc@1 93.333 (84.658)
2023-12-02 12:06:11,678 [INFO] core.trainer: Epoch-(1): [700/1000]	Time 0.082 (0.082)	Calc 0.079 (0.078)	Data 0.001 (0.001)	Acc@1 68.000 (84.648)
2023-12-02 12:06:19,873 [INFO] core.trainer: Epoch-(1): [800/1000]	Time 0.082 (0.082)	Calc 0.078 (0.078)	Data 0.000 (0.001)	Acc@1 90.667 (84.798)
2023-12-02 12:06:28,100 [INFO] core.trainer: Epoch-(1): [900/1000]	Time 0.082 (0.082)	Calc 0.079 (0.078)	Data 0.001 (0.001)	Acc@1 90.667 (84.797)
2023-12-02 12:06:36,341 [INFO] core.trainer: Epoch-(1): [1000/1000]	Time 0.079 (0.082)	Calc 0.076 (0.078)	Data 0.001 (0.001)	Acc@1 84.000 (84.808)
2023-12-02 12:06:36,346 [INFO] core.trainer:  * Acc@1 84.808 Best acc 84.433
2023-12-02 12:06:36,348 [INFO] core.trainer: ============ Testing on the test set ============
2023-12-02 12:06:44,553 [INFO] core.trainer: Epoch-(1): [100/1000]	Time 0.080 (0.081)	Calc 0.077 (0.078)	Data 0.001 (0.001)	Acc@1 94.667 (84.613)
2023-12-02 12:06:52,794 [INFO] core.trainer: Epoch-(1): [200/1000]	Time 0.082 (0.082)	Calc 0.079 (0.078)	Data 0.001 (0.001)	Acc@1 84.000 (84.707)
2023-12-02 12:07:01,018 [INFO] core.trainer: Epoch-(1): [300/1000]	Time 0.079 (0.082)	Calc 0.076 (0.078)	Data 0.001 (0.001)	Acc@1 90.667 (85.142)
2023-12-02 12:07:09,222 [INFO] core.trainer: Epoch-(1): [400/1000]	Time 0.081 (0.082)	Calc 0.078 (0.078)	Data 0.001 (0.001)	Acc@1 80.000 (84.870)
2023-12-02 12:07:17,453 [INFO] core.trainer: Epoch-(1): [500/1000]	Time 0.081 (0.082)	Calc 0.078 (0.078)	Data 0.001 (0.001)	Acc@1 77.333 (84.616)
2023-12-02 12:07:25,656 [INFO] core.trainer: Epoch-(1): [600/1000]	Time 0.080 (0.082)	Calc 0.077 (0.078)	Data 0.001 (0.001)	Acc@1 92.000 (84.549)
2023-12-02 12:07:33,859 [INFO] core.trainer: Epoch-(1): [700/1000]	Time 0.084 (0.082)	Calc 0.081 (0.078)	Data 0.001 (0.001)	Acc@1 88.000 (84.516)
2023-12-02 12:07:42,075 [INFO] core.trainer: Epoch-(1): [800/1000]	Time 0.079 (0.082)	Calc 0.076 (0.078)	Data 0.001 (0.001)	Acc@1 96.000 (84.612)
2023-12-02 12:07:50,256 [INFO] core.trainer: Epoch-(1): [900/1000]	Time 0.082 (0.082)	Calc 0.079 (0.078)	Data 0.001 (0.001)	Acc@1 78.667 (84.607)
2023-12-02 12:07:58,466 [INFO] core.trainer: Epoch-(1): [1000/1000]	Time 0.081 (0.082)	Calc 0.078 (0.078)	Data 0.001 (0.001)	Acc@1 70.667 (84.680)
2023-12-02 12:07:58,470 [INFO] core.trainer:  * Acc@1 84.680 Best acc 84.571
2023-12-02 12:07:58,472 [INFO] core.trainer:  * Time: 0:21:22/1:46:50
2023-12-02 12:07:58,983 [INFO] core.trainer: ============ Train on the train set ============
2023-12-02 12:07:58,985 [INFO] core.trainer: learning rate: [5e-05]
2023-12-02 12:08:46,452 [INFO] core.trainer: Epoch-(2): [100/1000]	Time 0.470 (0.474)	Calc 0.400 (0.405)	Data 0.001 (0.001)	Loss 0.257 (0.202)	Acc@1 100.000 (99.547)
2023-12-02 12:09:31,547 [INFO] core.trainer: Epoch-(2): [200/1000]	Time 0.398 (0.462)	Calc 0.334 (0.393)	Data 0.001 (0.001)	Loss 0.195 (0.201)	Acc@1 100.000 (99.620)
2023-12-02 12:10:19,238 [INFO] core.trainer: Epoch-(2): [300/1000]	Time 0.474 (0.467)	Calc 0.407 (0.398)	Data 0.001 (0.001)	Loss 0.213 (0.198)	Acc@1 100.000 (99.658)
2023-12-02 12:11:05,276 [INFO] core.trainer: Epoch-(2): [400/1000]	Time 0.467 (0.465)	Calc 0.398 (0.396)	Data 0.001 (0.001)	Loss 0.167 (0.195)	Acc@1 100.000 (99.627)
2023-12-02 12:11:52,777 [INFO] core.trainer: Epoch-(2): [500/1000]	Time 0.479 (0.467)	Calc 0.410 (0.398)	Data 0.001 (0.001)	Loss 0.099 (0.192)	Acc@1 100.000 (99.653)
2023-12-02 12:12:40,932 [INFO] core.trainer: Epoch-(2): [600/1000]	Time 0.497 (0.469)	Calc 0.427 (0.400)	Data 0.001 (0.001)	Loss 0.201 (0.189)	Acc@1 100.000 (99.633)
2023-12-02 12:13:28,630 [INFO] core.trainer: Epoch-(2): [700/1000]	Time 0.468 (0.470)	Calc 0.401 (0.401)	Data 0.001 (0.001)	Loss 0.225 (0.187)	Acc@1 100.000 (99.619)
2023-12-02 12:14:15,753 [INFO] core.trainer: Epoch-(2): [800/1000]	Time 0.480 (0.470)	Calc 0.411 (0.401)	Data 0.001 (0.001)	Loss 0.123 (0.185)	Acc@1 100.000 (99.608)
2023-12-02 12:15:03,848 [INFO] core.trainer: Epoch-(2): [900/1000]	Time 0.467 (0.471)	Calc 0.398 (0.402)	Data 0.001 (0.001)	Loss 0.118 (0.183)	Acc@1 100.000 (99.613)
2023-12-02 12:15:51,163 [INFO] core.trainer: Epoch-(2): [1000/1000]	Time 0.467 (0.472)	Calc 0.398 (0.402)	Data 0.001 (0.001)	Loss 0.168 (0.180)	Acc@1 100.000 (99.612)
2023-12-02 12:15:51,168 [INFO] core.trainer:  * Acc@1 99.612 
2023-12-02 12:15:51,170 [INFO] core.trainer: ============ Validation on the val set ============
2023-12-02 12:15:59,453 [INFO] core.trainer: Epoch-(2): [100/1000]	Time 0.082 (0.082)	Calc 0.079 (0.079)	Data 0.001 (0.001)	Acc@1 97.333 (84.173)
2023-12-02 12:16:07,716 [INFO] core.trainer: Epoch-(2): [200/1000]	Time 0.084 (0.082)	Calc 0.081 (0.079)	Data 0.001 (0.001)	Acc@1 73.333 (84.000)
2023-12-02 12:16:16,025 [INFO] core.trainer: Epoch-(2): [300/1000]	Time 0.086 (0.082)	Calc 0.083 (0.079)	Data 0.001 (0.001)	Acc@1 72.000 (84.218)
2023-12-02 12:16:24,247 [INFO] core.trainer: Epoch-(2): [400/1000]	Time 0.081 (0.082)	Calc 0.077 (0.079)	Data 0.001 (0.001)	Acc@1 97.333 (84.060)
2023-12-02 12:16:32,427 [INFO] core.trainer: Epoch-(2): [500/1000]	Time 0.082 (0.082)	Calc 0.079 (0.079)	Data 0.001 (0.001)	Acc@1 76.000 (84.024)
2023-12-02 12:16:40,666 [INFO] core.trainer: Epoch-(2): [600/1000]	Time 0.084 (0.082)	Calc 0.081 (0.079)	Data 0.001 (0.001)	Acc@1 90.667 (84.249)
2023-12-02 12:16:48,875 [INFO] core.trainer: Epoch-(2): [700/1000]	Time 0.086 (0.082)	Calc 0.084 (0.079)	Data 0.001 (0.001)	Acc@1 80.000 (84.276)
2023-12-02 12:16:56,979 [INFO] core.trainer: Epoch-(2): [800/1000]	Time 0.080 (0.082)	Calc 0.078 (0.078)	Data 0.001 (0.001)	Acc@1 90.667 (84.388)
2023-12-02 12:17:05,139 [INFO] core.trainer: Epoch-(2): [900/1000]	Time 0.085 (0.082)	Calc 0.081 (0.078)	Data 0.001 (0.001)	Acc@1 96.000 (84.427)
2023-12-02 12:17:13,418 [INFO] core.trainer: Epoch-(2): [1000/1000]	Time 0.082 (0.082)	Calc 0.078 (0.078)	Data 0.001 (0.001)	Acc@1 73.333 (84.413)
2023-12-02 12:17:13,423 [INFO] core.trainer:  * Acc@1 84.413 Best acc 84.808
2023-12-02 12:17:13,425 [INFO] core.trainer: ============ Testing on the test set ============
2023-12-02 12:17:21,662 [INFO] core.trainer: Epoch-(2): [100/1000]	Time 0.079 (0.082)	Calc 0.076 (0.079)	Data 0.001 (0.001)	Acc@1 80.000 (83.413)
2023-12-02 12:17:29,907 [INFO] core.trainer: Epoch-(2): [200/1000]	Time 0.081 (0.082)	Calc 0.078 (0.079)	Data 0.001 (0.001)	Acc@1 88.000 (84.767)
2023-12-02 12:17:38,178 [INFO] core.trainer: Epoch-(2): [300/1000]	Time 0.085 (0.082)	Calc 0.081 (0.079)	Data 0.001 (0.001)	Acc@1 94.667 (85.036)
2023-12-02 12:17:46,431 [INFO] core.trainer: Epoch-(2): [400/1000]	Time 0.086 (0.082)	Calc 0.081 (0.079)	Data 0.002 (0.001)	Acc@1 94.667 (85.110)
2023-12-02 12:17:54,678 [INFO] core.trainer: Epoch-(2): [500/1000]	Time 0.082 (0.082)	Calc 0.080 (0.079)	Data 0.001 (0.001)	Acc@1 92.000 (85.213)
2023-12-02 12:18:02,997 [INFO] core.trainer: Epoch-(2): [600/1000]	Time 0.080 (0.082)	Calc 0.077 (0.079)	Data 0.001 (0.001)	Acc@1 80.000 (85.022)
2023-12-02 12:18:11,274 [INFO] core.trainer: Epoch-(2): [700/1000]	Time 0.081 (0.082)	Calc 0.079 (0.079)	Data 0.001 (0.001)	Acc@1 82.667 (84.811)
2023-12-02 12:18:19,491 [INFO] core.trainer: Epoch-(2): [800/1000]	Time 0.080 (0.082)	Calc 0.077 (0.079)	Data 0.001 (0.001)	Acc@1 100.000 (84.875)
2023-12-02 12:18:27,741 [INFO] core.trainer: Epoch-(2): [900/1000]	Time 0.081 (0.082)	Calc 0.077 (0.079)	Data 0.001 (0.001)	Acc@1 94.667 (85.129)
2023-12-02 12:18:35,987 [INFO] core.trainer: Epoch-(2): [1000/1000]	Time 0.087 (0.082)	Calc 0.084 (0.079)	Data 0.001 (0.001)	Acc@1 56.000 (85.149)
2023-12-02 12:18:35,991 [INFO] core.trainer:  * Acc@1 85.149 Best acc 84.680
2023-12-02 12:18:35,993 [INFO] core.trainer:  * Time: 0:32:00/1:46:40
2023-12-02 12:18:36,331 [INFO] core.trainer: ============ Train on the train set ============
2023-12-02 12:18:36,333 [INFO] core.trainer: learning rate: [5e-05]
2023-12-02 12:19:22,457 [INFO] core.trainer: Epoch-(3): [100/1000]	Time 0.409 (0.461)	Calc 0.339 (0.391)	Data 0.001 (0.001)	Loss 0.114 (0.151)	Acc@1 100.000 (99.573)
2023-12-02 12:20:10,192 [INFO] core.trainer: Epoch-(3): [200/1000]	Time 0.465 (0.469)	Calc 0.395 (0.399)	Data 0.001 (0.001)	Loss 0.165 (0.149)	Acc@1 100.000 (99.633)
2023-12-02 12:20:57,179 [INFO] core.trainer: Epoch-(3): [300/1000]	Time 0.470 (0.469)	Calc 0.401 (0.400)	Data 0.001 (0.001)	Loss 0.116 (0.147)	Acc@1 100.000 (99.627)
2023-12-02 12:21:43,523 [INFO] core.trainer: Epoch-(3): [400/1000]	Time 0.470 (0.467)	Calc 0.400 (0.398)	Data 0.001 (0.001)	Loss 0.118 (0.145)	Acc@1 100.000 (99.607)
2023-12-02 12:22:31,496 [INFO] core.trainer: Epoch-(3): [500/1000]	Time 0.435 (0.470)	Calc 0.366 (0.400)	Data 0.001 (0.001)	Loss 0.148 (0.146)	Acc@1 98.667 (99.571)
2023-12-02 12:23:19,519 [INFO] core.trainer: Epoch-(3): [600/1000]	Time 0.469 (0.471)	Calc 0.399 (0.402)	Data 0.001 (0.001)	Loss 0.089 (0.144)	Acc@1 100.000 (99.587)
2023-12-02 12:24:07,094 [INFO] core.trainer: Epoch-(3): [700/1000]	Time 0.471 (0.472)	Calc 0.401 (0.403)	Data 0.001 (0.001)	Loss 0.131 (0.142)	Acc@1 100.000 (99.617)
2023-12-02 12:24:55,078 [INFO] core.trainer: Epoch-(3): [800/1000]	Time 0.473 (0.473)	Calc 0.402 (0.403)	Data 0.001 (0.001)	Loss 0.161 (0.140)	Acc@1 100.000 (99.622)
2023-12-02 12:25:40,683 [INFO] core.trainer: Epoch-(3): [900/1000]	Time 0.481 (0.471)	Calc 0.412 (0.402)	Data 0.002 (0.001)	Loss 0.076 (0.139)	Acc@1 100.000 (99.637)
2023-12-02 12:26:26,692 [INFO] core.trainer: Epoch-(3): [1000/1000]	Time 0.476 (0.470)	Calc 0.408 (0.400)	Data 0.002 (0.001)	Loss 0.238 (0.139)	Acc@1 100.000 (99.617)
2023-12-02 12:26:26,698 [INFO] core.trainer:  * Acc@1 99.617 
2023-12-02 12:26:26,700 [INFO] core.trainer: ============ Validation on the val set ============
2023-12-02 12:26:34,898 [INFO] core.trainer: Epoch-(3): [100/1000]	Time 0.078 (0.081)	Calc 0.075 (0.078)	Data 0.001 (0.001)	Acc@1 77.333 (85.520)
2023-12-02 12:26:43,130 [INFO] core.trainer: Epoch-(3): [200/1000]	Time 0.084 (0.082)	Calc 0.081 (0.078)	Data 0.001 (0.001)	Acc@1 86.667 (85.260)
2023-12-02 12:26:51,404 [INFO] core.trainer: Epoch-(3): [300/1000]	Time 0.078 (0.082)	Calc 0.076 (0.078)	Data 0.001 (0.001)	Acc@1 85.333 (85.067)
2023-12-02 12:26:59,417 [INFO] core.trainer: Epoch-(3): [400/1000]	Time 0.075 (0.081)	Calc 0.071 (0.078)	Data 0.002 (0.001)	Acc@1 96.000 (84.993)
2023-12-02 12:27:06,894 [INFO] core.trainer: Epoch-(3): [500/1000]	Time 0.072 (0.080)	Calc 0.069 (0.077)	Data 0.001 (0.001)	Acc@1 89.333 (84.979)
2023-12-02 12:27:14,886 [INFO] core.trainer: Epoch-(3): [600/1000]	Time 0.086 (0.080)	Calc 0.082 (0.077)	Data 0.001 (0.001)	Acc@1 89.333 (85.084)
2023-12-02 12:27:23,125 [INFO] core.trainer: Epoch-(3): [700/1000]	Time 0.086 (0.080)	Calc 0.082 (0.077)	Data 0.001 (0.001)	Acc@1 93.333 (85.051)
2023-12-02 12:27:31,371 [INFO] core.trainer: Epoch-(3): [800/1000]	Time 0.080 (0.080)	Calc 0.076 (0.077)	Data 0.001 (0.001)	Acc@1 72.000 (85.073)
2023-12-02 12:27:39,654 [INFO] core.trainer: Epoch-(3): [900/1000]	Time 0.081 (0.080)	Calc 0.078 (0.077)	Data 0.001 (0.001)	Acc@1 88.000 (84.978)
2023-12-02 12:27:47,937 [INFO] core.trainer: Epoch-(3): [1000/1000]	Time 0.081 (0.081)	Calc 0.078 (0.077)	Data 0.001 (0.001)	Acc@1 70.667 (84.969)
2023-12-02 12:27:47,941 [INFO] core.trainer:  * Acc@1 84.969 Best acc 84.808
2023-12-02 12:27:47,943 [INFO] core.trainer: ============ Testing on the test set ============
2023-12-02 12:27:56,147 [INFO] core.trainer: Epoch-(3): [100/1000]	Time 0.082 (0.081)	Calc 0.079 (0.078)	Data 0.001 (0.001)	Acc@1 92.000 (84.200)
2023-12-02 12:28:04,364 [INFO] core.trainer: Epoch-(3): [200/1000]	Time 0.084 (0.081)	Calc 0.081 (0.078)	Data 0.001 (0.001)	Acc@1 98.667 (83.880)
2023-12-02 12:28:12,627 [INFO] core.trainer: Epoch-(3): [300/1000]	Time 0.082 (0.082)	Calc 0.078 (0.078)	Data 0.001 (0.001)	Acc@1 92.000 (83.804)
2023-12-02 12:28:20,875 [INFO] core.trainer: Epoch-(3): [400/1000]	Time 0.083 (0.082)	Calc 0.079 (0.078)	Data 0.001 (0.001)	Acc@1 86.667 (83.793)
2023-12-02 12:28:29,133 [INFO] core.trainer: Epoch-(3): [500/1000]	Time 0.081 (0.082)	Calc 0.077 (0.079)	Data 0.001 (0.001)	Acc@1 100.000 (84.101)
2023-12-02 12:28:37,449 [INFO] core.trainer: Epoch-(3): [600/1000]	Time 0.079 (0.082)	Calc 0.076 (0.079)	Data 0.001 (0.001)	Acc@1 80.000 (84.000)
2023-12-02 12:28:45,680 [INFO] core.trainer: Epoch-(3): [700/1000]	Time 0.081 (0.082)	Calc 0.077 (0.079)	Data 0.001 (0.001)	Acc@1 76.000 (83.954)
2023-12-02 12:28:53,920 [INFO] core.trainer: Epoch-(3): [800/1000]	Time 0.080 (0.082)	Calc 0.076 (0.079)	Data 0.001 (0.001)	Acc@1 97.333 (84.165)
2023-12-02 12:29:02,166 [INFO] core.trainer: Epoch-(3): [900/1000]	Time 0.082 (0.082)	Calc 0.079 (0.079)	Data 0.000 (0.001)	Acc@1 90.667 (84.296)
2023-12-02 12:29:10,413 [INFO] core.trainer: Epoch-(3): [1000/1000]	Time 0.079 (0.082)	Calc 0.076 (0.079)	Data 0.001 (0.001)	Acc@1 84.000 (84.299)
2023-12-02 12:29:10,417 [INFO] core.trainer:  * Acc@1 84.299 Best acc 84.680
2023-12-02 12:29:10,419 [INFO] core.trainer:  * Time: 0:42:34/1:46:25
2023-12-02 12:29:10,960 [INFO] core.trainer: ============ Train on the train set ============
2023-12-02 12:29:10,962 [INFO] core.trainer: learning rate: [5e-05]
2023-12-02 12:29:56,968 [INFO] core.trainer: Epoch-(4): [100/1000]	Time 0.415 (0.459)	Calc 0.346 (0.391)	Data 0.001 (0.001)	Loss 0.099 (0.125)	Acc@1 100.000 (99.627)
2023-12-02 12:30:44,558 [INFO] core.trainer: Epoch-(4): [200/1000]	Time 0.474 (0.467)	Calc 0.405 (0.398)	Data 0.001 (0.001)	Loss 0.113 (0.126)	Acc@1 100.000 (99.513)
2023-12-02 12:31:31,714 [INFO] core.trainer: Epoch-(4): [300/1000]	Time 0.467 (0.469)	Calc 0.397 (0.399)	Data 0.001 (0.001)	Loss 0.105 (0.127)	Acc@1 100.000 (99.529)
2023-12-02 12:32:18,063 [INFO] core.trainer: Epoch-(4): [400/1000]	Time 0.467 (0.467)	Calc 0.397 (0.398)	Data 0.001 (0.001)	Loss 0.127 (0.125)	Acc@1 100.000 (99.543)
2023-12-02 12:33:04,543 [INFO] core.trainer: Epoch-(4): [500/1000]	Time 0.461 (0.467)	Calc 0.392 (0.397)	Data 0.001 (0.001)	Loss 0.188 (0.123)	Acc@1 98.667 (99.477)
2023-12-02 12:33:52,503 [INFO] core.trainer: Epoch-(4): [600/1000]	Time 0.476 (0.469)	Calc 0.406 (0.399)	Data 0.001 (0.001)	Loss 0.077 (0.122)	Acc@1 100.000 (99.504)
2023-12-02 12:34:39,040 [INFO] core.trainer: Epoch-(4): [700/1000]	Time 0.475 (0.468)	Calc 0.405 (0.399)	Data 0.001 (0.001)	Loss 0.168 (0.121)	Acc@1 97.333 (99.510)
2023-12-02 12:35:26,061 [INFO] core.trainer: Epoch-(4): [800/1000]	Time 0.483 (0.468)	Calc 0.414 (0.399)	Data 0.001 (0.001)	Loss 0.125 (0.120)	Acc@1 98.667 (99.510)
2023-12-02 12:36:12,695 [INFO] core.trainer: Epoch-(4): [900/1000]	Time 0.466 (0.468)	Calc 0.396 (0.399)	Data 0.001 (0.001)	Loss 0.159 (0.119)	Acc@1 100.000 (99.510)
2023-12-02 12:37:00,291 [INFO] core.trainer: Epoch-(4): [1000/1000]	Time 0.467 (0.469)	Calc 0.398 (0.400)	Data 0.001 (0.001)	Loss 0.149 (0.119)	Acc@1 100.000 (99.512)
2023-12-02 12:37:00,296 [INFO] core.trainer:  * Acc@1 99.512 
2023-12-02 12:37:00,298 [INFO] core.trainer: ============ Validation on the val set ============
2023-12-02 12:37:08,480 [INFO] core.trainer: Epoch-(4): [100/1000]	Time 0.082 (0.081)	Calc 0.079 (0.078)	Data 0.001 (0.001)	Acc@1 86.667 (84.667)
2023-12-02 12:37:16,656 [INFO] core.trainer: Epoch-(4): [200/1000]	Time 0.082 (0.081)	Calc 0.079 (0.078)	Data 0.001 (0.001)	Acc@1 94.667 (84.847)
2023-12-02 12:37:24,696 [INFO] core.trainer: Epoch-(4): [300/1000]	Time 0.079 (0.081)	Calc 0.077 (0.078)	Data 0.001 (0.001)	Acc@1 80.000 (85.347)
2023-12-02 12:37:32,761 [INFO] core.trainer: Epoch-(4): [400/1000]	Time 0.080 (0.081)	Calc 0.077 (0.078)	Data 0.001 (0.001)	Acc@1 86.667 (85.410)
2023-12-02 12:37:40,951 [INFO] core.trainer: Epoch-(4): [500/1000]	Time 0.082 (0.081)	Calc 0.079 (0.078)	Data 0.001 (0.001)	Acc@1 92.000 (85.779)
2023-12-02 12:37:48,999 [INFO] core.trainer: Epoch-(4): [600/1000]	Time 0.079 (0.081)	Calc 0.076 (0.078)	Data 0.001 (0.001)	Acc@1 85.333 (85.649)
2023-12-02 12:37:57,201 [INFO] core.trainer: Epoch-(4): [700/1000]	Time 0.083 (0.081)	Calc 0.079 (0.078)	Data 0.001 (0.001)	Acc@1 74.667 (85.507)
2023-12-02 12:38:05,445 [INFO] core.trainer: Epoch-(4): [800/1000]	Time 0.080 (0.081)	Calc 0.077 (0.078)	Data 0.001 (0.001)	Acc@1 73.333 (85.282)
2023-12-02 12:38:13,651 [INFO] core.trainer: Epoch-(4): [900/1000]	Time 0.082 (0.081)	Calc 0.079 (0.078)	Data 0.001 (0.001)	Acc@1 80.000 (85.193)
2023-12-02 12:38:21,847 [INFO] core.trainer: Epoch-(4): [1000/1000]	Time 0.083 (0.081)	Calc 0.080 (0.078)	Data 0.001 (0.001)	Acc@1 76.000 (85.068)
2023-12-02 12:38:21,851 [INFO] core.trainer:  * Acc@1 85.068 Best acc 84.969
2023-12-02 12:38:21,854 [INFO] core.trainer: ============ Testing on the test set ============
2023-12-02 12:38:30,051 [INFO] core.trainer: Epoch-(4): [100/1000]	Time 0.083 (0.081)	Calc 0.080 (0.078)	Data 0.001 (0.001)	Acc@1 96.000 (85.933)
2023-12-02 12:38:38,212 [INFO] core.trainer: Epoch-(4): [200/1000]	Time 0.082 (0.081)	Calc 0.078 (0.078)	Data 0.001 (0.001)	Acc@1 80.000 (85.393)
2023-12-02 12:38:46,450 [INFO] core.trainer: Epoch-(4): [300/1000]	Time 0.083 (0.081)	Calc 0.080 (0.078)	Data 0.001 (0.001)	Acc@1 88.000 (85.853)
2023-12-02 12:38:54,661 [INFO] core.trainer: Epoch-(4): [400/1000]	Time 0.082 (0.081)	Calc 0.079 (0.078)	Data 0.001 (0.001)	Acc@1 86.667 (85.777)
2023-12-02 12:39:02,910 [INFO] core.trainer: Epoch-(4): [500/1000]	Time 0.085 (0.082)	Calc 0.082 (0.078)	Data 0.001 (0.001)	Acc@1 76.000 (85.552)
2023-12-02 12:39:11,150 [INFO] core.trainer: Epoch-(4): [600/1000]	Time 0.084 (0.082)	Calc 0.081 (0.078)	Data 0.001 (0.001)	Acc@1 81.333 (85.333)
2023-12-02 12:39:19,365 [INFO] core.trainer: Epoch-(4): [700/1000]	Time 0.081 (0.082)	Calc 0.078 (0.078)	Data 0.001 (0.001)	Acc@1 97.333 (85.198)
2023-12-02 12:39:27,484 [INFO] core.trainer: Epoch-(4): [800/1000]	Time 0.082 (0.081)	Calc 0.078 (0.078)	Data 0.001 (0.001)	Acc@1 96.000 (85.237)
2023-12-02 12:39:35,611 [INFO] core.trainer: Epoch-(4): [900/1000]	Time 0.082 (0.081)	Calc 0.078 (0.078)	Data 0.001 (0.001)	Acc@1 90.667 (85.212)
2023-12-02 12:39:43,818 [INFO] core.trainer: Epoch-(4): [1000/1000]	Time 0.082 (0.081)	Calc 0.079 (0.078)	Data 0.001 (0.001)	Acc@1 92.000 (85.312)
2023-12-02 12:39:43,822 [INFO] core.trainer:  * Acc@1 85.312 Best acc 84.299
2023-12-02 12:39:43,824 [INFO] core.trainer:  * Time: 0:53:08/1:46:16
2023-12-02 12:39:44,381 [INFO] core.trainer: ============ Train on the train set ============
2023-12-02 12:39:44,383 [INFO] core.trainer: learning rate: [1e-05]
2023-12-02 12:40:31,421 [INFO] core.trainer: Epoch-(5): [100/1000]	Time 0.540 (0.470)	Calc 0.471 (0.401)	Data 0.001 (0.001)	Loss 0.047 (0.105)	Acc@1 100.000 (99.533)
2023-12-02 12:41:19,475 [INFO] core.trainer: Epoch-(5): [200/1000]	Time 0.484 (0.475)	Calc 0.414 (0.406)	Data 0.001 (0.001)	Loss 0.053 (0.107)	Acc@1 100.000 (99.527)
2023-12-02 12:42:07,032 [INFO] core.trainer: Epoch-(5): [300/1000]	Time 0.464 (0.475)	Calc 0.396 (0.406)	Data 0.001 (0.001)	Loss 0.165 (0.106)	Acc@1 98.667 (99.560)
2023-12-02 12:42:54,220 [INFO] core.trainer: Epoch-(5): [400/1000]	Time 0.466 (0.474)	Calc 0.396 (0.405)	Data 0.001 (0.001)	Loss 0.095 (0.107)	Acc@1 100.000 (99.557)
2023-12-02 12:43:41,896 [INFO] core.trainer: Epoch-(5): [500/1000]	Time 0.473 (0.474)	Calc 0.404 (0.405)	Data 0.001 (0.001)	Loss 0.134 (0.106)	Acc@1 100.000 (99.544)
2023-12-02 12:44:28,584 [INFO] core.trainer: Epoch-(5): [600/1000]	Time 0.465 (0.473)	Calc 0.395 (0.404)	Data 0.001 (0.001)	Loss 0.044 (0.106)	Acc@1 100.000 (99.538)
2023-12-02 12:45:15,882 [INFO] core.trainer: Epoch-(5): [700/1000]	Time 0.461 (0.473)	Calc 0.391 (0.404)	Data 0.001 (0.001)	Loss 0.124 (0.107)	Acc@1 98.667 (99.510)
2023-12-02 12:46:02,772 [INFO] core.trainer: Epoch-(5): [800/1000]	Time 0.470 (0.472)	Calc 0.401 (0.403)	Data 0.001 (0.001)	Loss 0.128 (0.107)	Acc@1 100.000 (99.517)
2023-12-02 12:46:49,871 [INFO] core.trainer: Epoch-(5): [900/1000]	Time 0.485 (0.472)	Calc 0.416 (0.403)	Data 0.001 (0.001)	Loss 0.186 (0.106)	Acc@1 97.333 (99.517)
2023-12-02 12:47:37,614 [INFO] core.trainer: Epoch-(5): [1000/1000]	Time 0.470 (0.473)	Calc 0.403 (0.403)	Data 0.001 (0.001)	Loss 0.147 (0.106)	Acc@1 98.667 (99.525)
2023-12-02 12:47:37,619 [INFO] core.trainer:  * Acc@1 99.525 
2023-12-02 12:47:37,621 [INFO] core.trainer: ============ Validation on the val set ============
2023-12-02 12:47:45,806 [INFO] core.trainer: Epoch-(5): [100/1000]	Time 0.079 (0.081)	Calc 0.075 (0.078)	Data 0.001 (0.001)	Acc@1 80.000 (85.053)
2023-12-02 12:47:54,007 [INFO] core.trainer: Epoch-(5): [200/1000]	Time 0.080 (0.081)	Calc 0.077 (0.078)	Data 0.001 (0.001)	Acc@1 90.667 (84.500)
2023-12-02 12:48:02,158 [INFO] core.trainer: Epoch-(5): [300/1000]	Time 0.077 (0.081)	Calc 0.075 (0.078)	Data 0.001 (0.001)	Acc@1 93.333 (84.920)
2023-12-02 12:48:10,297 [INFO] core.trainer: Epoch-(5): [400/1000]	Time 0.080 (0.081)	Calc 0.077 (0.078)	Data 0.001 (0.001)	Acc@1 90.667 (85.073)
2023-12-02 12:48:18,480 [INFO] core.trainer: Epoch-(5): [500/1000]	Time 0.081 (0.081)	Calc 0.077 (0.078)	Data 0.001 (0.001)	Acc@1 94.667 (85.373)
2023-12-02 12:48:26,699 [INFO] core.trainer: Epoch-(5): [600/1000]	Time 0.078 (0.081)	Calc 0.075 (0.078)	Data 0.001 (0.001)	Acc@1 89.333 (85.242)
2023-12-02 12:48:34,924 [INFO] core.trainer: Epoch-(5): [700/1000]	Time 0.083 (0.081)	Calc 0.080 (0.078)	Data 0.001 (0.001)	Acc@1 89.333 (85.122)
2023-12-02 12:48:43,185 [INFO] core.trainer: Epoch-(5): [800/1000]	Time 0.082 (0.081)	Calc 0.079 (0.078)	Data 0.001 (0.001)	Acc@1 72.000 (85.060)
2023-12-02 12:48:51,406 [INFO] core.trainer: Epoch-(5): [900/1000]	Time 0.082 (0.081)	Calc 0.079 (0.078)	Data 0.001 (0.001)	Acc@1 78.667 (85.126)
2023-12-02 12:48:59,639 [INFO] core.trainer: Epoch-(5): [1000/1000]	Time 0.079 (0.081)	Calc 0.076 (0.078)	Data 0.001 (0.001)	Acc@1 90.667 (85.084)
2023-12-02 12:48:59,643 [INFO] core.trainer:  * Acc@1 85.084 Best acc 85.068
2023-12-02 12:48:59,645 [INFO] core.trainer: ============ Testing on the test set ============
2023-12-02 12:49:07,849 [INFO] core.trainer: Epoch-(5): [100/1000]	Time 0.080 (0.081)	Calc 0.077 (0.078)	Data 0.001 (0.001)	Acc@1 72.000 (84.160)
2023-12-02 12:49:16,065 [INFO] core.trainer: Epoch-(5): [200/1000]	Time 0.083 (0.081)	Calc 0.079 (0.078)	Data 0.001 (0.001)	Acc@1 85.333 (84.300)
2023-12-02 12:49:24,292 [INFO] core.trainer: Epoch-(5): [300/1000]	Time 0.082 (0.082)	Calc 0.079 (0.078)	Data 0.001 (0.001)	Acc@1 85.333 (84.564)
2023-12-02 12:49:32,471 [INFO] core.trainer: Epoch-(5): [400/1000]	Time 0.085 (0.081)	Calc 0.082 (0.078)	Data 0.001 (0.001)	Acc@1 90.667 (84.710)
2023-12-02 12:49:40,731 [INFO] core.trainer: Epoch-(5): [500/1000]	Time 0.083 (0.082)	Calc 0.080 (0.078)	Data 0.001 (0.001)	Acc@1 93.333 (84.661)
2023-12-02 12:49:49,007 [INFO] core.trainer: Epoch-(5): [600/1000]	Time 0.080 (0.082)	Calc 0.077 (0.078)	Data 0.001 (0.001)	Acc@1 80.000 (84.787)
2023-12-02 12:49:57,259 [INFO] core.trainer: Epoch-(5): [700/1000]	Time 0.084 (0.082)	Calc 0.080 (0.078)	Data 0.001 (0.001)	Acc@1 96.000 (84.859)
2023-12-02 12:50:05,474 [INFO] core.trainer: Epoch-(5): [800/1000]	Time 0.081 (0.082)	Calc 0.078 (0.078)	Data 0.001 (0.001)	Acc@1 78.667 (84.875)
2023-12-02 12:50:13,719 [INFO] core.trainer: Epoch-(5): [900/1000]	Time 0.080 (0.082)	Calc 0.077 (0.078)	Data 0.001 (0.001)	Acc@1 92.000 (84.963)
2023-12-02 12:50:21,933 [INFO] core.trainer: Epoch-(5): [1000/1000]	Time 0.080 (0.082)	Calc 0.077 (0.078)	Data 0.001 (0.001)	Acc@1 86.667 (84.937)
2023-12-02 12:50:21,937 [INFO] core.trainer:  * Acc@1 84.937 Best acc 85.312
2023-12-02 12:50:21,939 [INFO] core.trainer:  * Time: 1:03:46/1:46:16.666667
2023-12-02 12:50:22,494 [INFO] core.trainer: ============ Train on the train set ============
2023-12-02 12:50:22,496 [INFO] core.trainer: learning rate: [1e-05]
2023-12-02 12:51:10,359 [INFO] core.trainer: Epoch-(6): [100/1000]	Time 0.479 (0.478)	Calc 0.410 (0.409)	Data 0.001 (0.001)	Loss 0.143 (0.107)	Acc@1 100.000 (99.533)
2023-12-02 12:51:57,735 [INFO] core.trainer: Epoch-(6): [200/1000]	Time 0.472 (0.476)	Calc 0.403 (0.406)	Data 0.001 (0.001)	Loss 0.081 (0.102)	Acc@1 100.000 (99.627)
2023-12-02 12:52:44,903 [INFO] core.trainer: Epoch-(6): [300/1000]	Time 0.464 (0.474)	Calc 0.395 (0.405)	Data 0.001 (0.001)	Loss 0.069 (0.103)	Acc@1 100.000 (99.636)
2023-12-02 12:53:32,288 [INFO] core.trainer: Epoch-(6): [400/1000]	Time 0.469 (0.474)	Calc 0.400 (0.405)	Data 0.001 (0.001)	Loss 0.096 (0.103)	Acc@1 100.000 (99.603)
2023-12-02 12:54:19,169 [INFO] core.trainer: Epoch-(6): [500/1000]	Time 0.498 (0.473)	Calc 0.428 (0.404)	Data 0.001 (0.001)	Loss 0.084 (0.104)	Acc@1 100.000 (99.533)
2023-12-02 12:55:06,401 [INFO] core.trainer: Epoch-(6): [600/1000]	Time 0.428 (0.473)	Calc 0.358 (0.403)	Data 0.001 (0.001)	Loss 0.071 (0.104)	Acc@1 100.000 (99.540)
2023-12-02 12:55:53,672 [INFO] core.trainer: Epoch-(6): [700/1000]	Time 0.506 (0.472)	Calc 0.437 (0.403)	Data 0.001 (0.001)	Loss 0.146 (0.104)	Acc@1 100.000 (99.558)
2023-12-02 12:56:41,273 [INFO] core.trainer: Epoch-(6): [800/1000]	Time 0.471 (0.473)	Calc 0.402 (0.404)	Data 0.001 (0.001)	Loss 0.092 (0.103)	Acc@1 100.000 (99.573)
2023-12-02 12:57:28,279 [INFO] core.trainer: Epoch-(6): [900/1000]	Time 0.467 (0.472)	Calc 0.397 (0.403)	Data 0.001 (0.001)	Loss 0.034 (0.103)	Acc@1 100.000 (99.585)
2023-12-02 12:58:15,589 [INFO] core.trainer: Epoch-(6): [1000/1000]	Time 0.476 (0.472)	Calc 0.406 (0.403)	Data 0.001 (0.001)	Loss 0.098 (0.103)	Acc@1 100.000 (99.583)
2023-12-02 12:58:15,594 [INFO] core.trainer:  * Acc@1 99.583 
2023-12-02 12:58:15,597 [INFO] core.trainer: ============ Validation on the val set ============
2023-12-02 12:58:23,796 [INFO] core.trainer: Epoch-(6): [100/1000]	Time 0.080 (0.081)	Calc 0.078 (0.078)	Data 0.001 (0.001)	Acc@1 92.000 (84.667)
2023-12-02 12:58:32,008 [INFO] core.trainer: Epoch-(6): [200/1000]	Time 0.082 (0.081)	Calc 0.078 (0.078)	Data 0.001 (0.001)	Acc@1 97.333 (84.847)
2023-12-02 12:58:40,185 [INFO] core.trainer: Epoch-(6): [300/1000]	Time 0.084 (0.081)	Calc 0.080 (0.078)	Data 0.001 (0.001)	Acc@1 86.667 (84.738)
2023-12-02 12:58:48,386 [INFO] core.trainer: Epoch-(6): [400/1000]	Time 0.081 (0.081)	Calc 0.078 (0.078)	Data 0.001 (0.001)	Acc@1 73.333 (84.737)
2023-12-02 12:58:56,654 [INFO] core.trainer: Epoch-(6): [500/1000]	Time 0.081 (0.082)	Calc 0.079 (0.078)	Data 0.001 (0.001)	Acc@1 93.333 (84.755)
2023-12-02 12:59:04,903 [INFO] core.trainer: Epoch-(6): [600/1000]	Time 0.083 (0.082)	Calc 0.079 (0.078)	Data 0.001 (0.001)	Acc@1 96.000 (84.809)
2023-12-02 12:59:13,112 [INFO] core.trainer: Epoch-(6): [700/1000]	Time 0.085 (0.082)	Calc 0.081 (0.078)	Data 0.001 (0.001)	Acc@1 96.000 (84.796)
2023-12-02 12:59:21,330 [INFO] core.trainer: Epoch-(6): [800/1000]	Time 0.083 (0.082)	Calc 0.079 (0.078)	Data 0.001 (0.001)	Acc@1 82.667 (84.760)
2023-12-02 12:59:29,528 [INFO] core.trainer: Epoch-(6): [900/1000]	Time 0.084 (0.082)	Calc 0.081 (0.078)	Data 0.001 (0.001)	Acc@1 90.667 (84.831)
2023-12-02 12:59:37,780 [INFO] core.trainer: Epoch-(6): [1000/1000]	Time 0.082 (0.082)	Calc 0.079 (0.078)	Data 0.001 (0.001)	Acc@1 88.000 (84.704)
2023-12-02 12:59:37,784 [INFO] core.trainer:  * Acc@1 84.704 Best acc 85.084
2023-12-02 12:59:37,786 [INFO] core.trainer: ============ Testing on the test set ============
2023-12-02 12:59:45,910 [INFO] core.trainer: Epoch-(6): [100/1000]	Time 0.083 (0.081)	Calc 0.080 (0.078)	Data 0.001 (0.001)	Acc@1 96.000 (83.280)
2023-12-02 12:59:54,071 [INFO] core.trainer: Epoch-(6): [200/1000]	Time 0.083 (0.081)	Calc 0.079 (0.078)	Data 0.001 (0.001)	Acc@1 88.000 (83.687)
2023-12-02 13:00:02,264 [INFO] core.trainer: Epoch-(6): [300/1000]	Time 0.077 (0.081)	Calc 0.075 (0.078)	Data 0.001 (0.001)	Acc@1 88.000 (83.996)
2023-12-02 13:00:10,416 [INFO] core.trainer: Epoch-(6): [400/1000]	Time 0.079 (0.081)	Calc 0.076 (0.078)	Data 0.001 (0.001)	Acc@1 74.667 (84.510)
2023-12-02 13:00:18,573 [INFO] core.trainer: Epoch-(6): [500/1000]	Time 0.082 (0.081)	Calc 0.079 (0.078)	Data 0.001 (0.001)	Acc@1 96.000 (84.259)
2023-12-02 13:00:26,714 [INFO] core.trainer: Epoch-(6): [600/1000]	Time 0.083 (0.081)	Calc 0.080 (0.078)	Data 0.001 (0.001)	Acc@1 85.333 (84.316)
2023-12-02 13:00:34,940 [INFO] core.trainer: Epoch-(6): [700/1000]	Time 0.079 (0.081)	Calc 0.075 (0.078)	Data 0.001 (0.001)	Acc@1 76.000 (84.240)
2023-12-02 13:00:43,155 [INFO] core.trainer: Epoch-(6): [800/1000]	Time 0.081 (0.081)	Calc 0.078 (0.078)	Data 0.001 (0.001)	Acc@1 90.667 (84.323)
2023-12-02 13:00:51,388 [INFO] core.trainer: Epoch-(6): [900/1000]	Time 0.083 (0.081)	Calc 0.079 (0.078)	Data 0.001 (0.001)	Acc@1 98.667 (84.556)
2023-12-02 13:00:59,646 [INFO] core.trainer: Epoch-(6): [1000/1000]	Time 0.084 (0.081)	Calc 0.081 (0.078)	Data 0.001 (0.001)	Acc@1 89.333 (84.503)
2023-12-02 13:00:59,650 [INFO] core.trainer:  * Acc@1 84.503 Best acc 84.937
2023-12-02 13:00:59,652 [INFO] core.trainer:  * Time: 1:14:24/1:46:17.142857
2023-12-02 13:01:00,044 [INFO] core.trainer: ============ Train on the train set ============
2023-12-02 13:01:00,046 [INFO] core.trainer: learning rate: [1e-05]
2023-12-02 13:01:47,688 [INFO] core.trainer: Epoch-(7): [100/1000]	Time 0.525 (0.476)	Calc 0.455 (0.407)	Data 0.001 (0.001)	Loss 0.077 (0.104)	Acc@1 100.000 (99.613)
2023-12-02 13:02:35,456 [INFO] core.trainer: Epoch-(7): [200/1000]	Time 0.466 (0.476)	Calc 0.396 (0.407)	Data 0.001 (0.001)	Loss 0.060 (0.105)	Acc@1 100.000 (99.467)
2023-12-02 13:03:21,218 [INFO] core.trainer: Epoch-(7): [300/1000]	Time 0.463 (0.470)	Calc 0.392 (0.401)	Data 0.001 (0.001)	Loss 0.092 (0.103)	Acc@1 100.000 (99.480)
2023-12-02 13:04:03,555 [INFO] core.trainer: Epoch-(7): [400/1000]	Time 0.413 (0.458)	Calc 0.344 (0.389)	Data 0.001 (0.001)	Loss 0.102 (0.103)	Acc@1 98.667 (99.473)
2023-12-02 13:04:48,296 [INFO] core.trainer: Epoch-(7): [500/1000]	Time 0.477 (0.456)	Calc 0.408 (0.386)	Data 0.001 (0.001)	Loss 0.052 (0.103)	Acc@1 100.000 (99.493)
2023-12-02 13:05:36,104 [INFO] core.trainer: Epoch-(7): [600/1000]	Time 0.474 (0.460)	Calc 0.408 (0.390)	Data 0.001 (0.001)	Loss 0.202 (0.103)	Acc@1 96.000 (99.502)
2023-12-02 13:06:23,699 [INFO] core.trainer: Epoch-(7): [700/1000]	Time 0.469 (0.462)	Calc 0.399 (0.392)	Data 0.001 (0.001)	Loss 0.112 (0.103)	Acc@1 100.000 (99.528)
2023-12-02 13:07:10,958 [INFO] core.trainer: Epoch-(7): [800/1000]	Time 0.484 (0.463)	Calc 0.417 (0.394)	Data 0.001 (0.001)	Loss 0.099 (0.102)	Acc@1 98.667 (99.555)
2023-12-02 13:07:58,764 [INFO] core.trainer: Epoch-(7): [900/1000]	Time 0.502 (0.465)	Calc 0.432 (0.395)	Data 0.001 (0.001)	Loss 0.055 (0.102)	Acc@1 100.000 (99.551)
2023-12-02 13:08:46,443 [INFO] core.trainer: Epoch-(7): [1000/1000]	Time 0.469 (0.466)	Calc 0.399 (0.396)	Data 0.001 (0.001)	Loss 0.184 (0.102)	Acc@1 96.000 (99.549)
2023-12-02 13:08:46,448 [INFO] core.trainer:  * Acc@1 99.549 
2023-12-02 13:08:46,451 [INFO] core.trainer: ============ Validation on the val set ============
2023-12-02 13:08:54,706 [INFO] core.trainer: Epoch-(7): [100/1000]	Time 0.084 (0.082)	Calc 0.081 (0.079)	Data 0.001 (0.001)	Acc@1 82.667 (85.000)
2023-12-02 13:09:02,908 [INFO] core.trainer: Epoch-(7): [200/1000]	Time 0.084 (0.082)	Calc 0.080 (0.078)	Data 0.001 (0.001)	Acc@1 90.667 (85.380)
2023-12-02 13:09:11,141 [INFO] core.trainer: Epoch-(7): [300/1000]	Time 0.082 (0.082)	Calc 0.079 (0.078)	Data 0.001 (0.001)	Acc@1 85.333 (85.724)
2023-12-02 13:09:19,364 [INFO] core.trainer: Epoch-(7): [400/1000]	Time 0.086 (0.082)	Calc 0.083 (0.078)	Data 0.001 (0.001)	Acc@1 61.333 (85.227)
2023-12-02 13:09:27,597 [INFO] core.trainer: Epoch-(7): [500/1000]	Time 0.083 (0.082)	Calc 0.080 (0.078)	Data 0.001 (0.001)	Acc@1 90.667 (85.229)
2023-12-02 13:09:35,819 [INFO] core.trainer: Epoch-(7): [600/1000]	Time 0.081 (0.082)	Calc 0.078 (0.078)	Data 0.001 (0.001)	Acc@1 81.333 (85.456)
2023-12-02 13:09:44,079 [INFO] core.trainer: Epoch-(7): [700/1000]	Time 0.085 (0.082)	Calc 0.081 (0.078)	Data 0.001 (0.001)	Acc@1 90.667 (85.288)
2023-12-02 13:09:52,358 [INFO] core.trainer: Epoch-(7): [800/1000]	Time 0.081 (0.082)	Calc 0.078 (0.079)	Data 0.001 (0.001)	Acc@1 72.000 (85.210)
2023-12-02 13:10:00,634 [INFO] core.trainer: Epoch-(7): [900/1000]	Time 0.083 (0.082)	Calc 0.079 (0.079)	Data 0.000 (0.001)	Acc@1 84.000 (85.147)
2023-12-02 13:10:08,906 [INFO] core.trainer: Epoch-(7): [1000/1000]	Time 0.084 (0.082)	Calc 0.081 (0.079)	Data 0.001 (0.001)	Acc@1 88.000 (85.092)
2023-12-02 13:10:08,911 [INFO] core.trainer:  * Acc@1 85.092 Best acc 85.084
2023-12-02 13:10:08,913 [INFO] core.trainer: ============ Testing on the test set ============
2023-12-02 13:10:17,157 [INFO] core.trainer: Epoch-(7): [100/1000]	Time 0.079 (0.082)	Calc 0.075 (0.079)	Data 0.001 (0.001)	Acc@1 81.333 (83.987)
2023-12-02 13:10:25,395 [INFO] core.trainer: Epoch-(7): [200/1000]	Time 0.078 (0.082)	Calc 0.075 (0.079)	Data 0.001 (0.001)	Acc@1 82.667 (84.733)
2023-12-02 13:10:33,657 [INFO] core.trainer: Epoch-(7): [300/1000]	Time 0.081 (0.082)	Calc 0.077 (0.079)	Data 0.001 (0.001)	Acc@1 89.333 (85.378)
2023-12-02 13:10:41,856 [INFO] core.trainer: Epoch-(7): [400/1000]	Time 0.085 (0.082)	Calc 0.082 (0.079)	Data 0.001 (0.001)	Acc@1 92.000 (85.180)
2023-12-02 13:10:50,115 [INFO] core.trainer: Epoch-(7): [500/1000]	Time 0.081 (0.082)	Calc 0.077 (0.079)	Data 0.001 (0.001)	Acc@1 90.667 (85.008)
2023-12-02 13:10:58,325 [INFO] core.trainer: Epoch-(7): [600/1000]	Time 0.084 (0.082)	Calc 0.081 (0.079)	Data 0.001 (0.001)	Acc@1 81.333 (85.271)
2023-12-02 13:11:06,601 [INFO] core.trainer: Epoch-(7): [700/1000]	Time 0.087 (0.082)	Calc 0.083 (0.079)	Data 0.001 (0.001)	Acc@1 88.000 (85.251)
2023-12-02 13:11:14,850 [INFO] core.trainer: Epoch-(7): [800/1000]	Time 0.080 (0.082)	Calc 0.078 (0.079)	Data 0.001 (0.001)	Acc@1 90.667 (85.180)
2023-12-02 13:11:23,078 [INFO] core.trainer: Epoch-(7): [900/1000]	Time 0.088 (0.082)	Calc 0.085 (0.079)	Data 0.001 (0.001)	Acc@1 85.333 (85.111)
2023-12-02 13:11:31,317 [INFO] core.trainer: Epoch-(7): [1000/1000]	Time 0.082 (0.082)	Calc 0.079 (0.079)	Data 0.001 (0.001)	Acc@1 88.000 (85.115)
2023-12-02 13:11:31,321 [INFO] core.trainer:  * Acc@1 85.115 Best acc 84.937
2023-12-02 13:11:31,324 [INFO] core.trainer:  * Time: 1:24:55/1:46:08.750000
2023-12-02 13:11:31,934 [INFO] core.trainer: ============ Train on the train set ============
2023-12-02 13:11:31,936 [INFO] core.trainer: learning rate: [1e-05]
2023-12-02 13:12:19,584 [INFO] core.trainer: Epoch-(8): [100/1000]	Time 0.479 (0.476)	Calc 0.409 (0.407)	Data 0.001 (0.001)	Loss 0.085 (0.105)	Acc@1 100.000 (99.227)
2023-12-02 13:13:07,387 [INFO] core.trainer: Epoch-(8): [200/1000]	Time 0.465 (0.477)	Calc 0.396 (0.407)	Data 0.001 (0.001)	Loss 0.138 (0.102)	Acc@1 97.333 (99.360)
2023-12-02 13:13:55,146 [INFO] core.trainer: Epoch-(8): [300/1000]	Time 0.469 (0.477)	Calc 0.400 (0.408)	Data 0.001 (0.001)	Loss 0.156 (0.102)	Acc@1 100.000 (99.453)
2023-12-02 13:14:42,260 [INFO] core.trainer: Epoch-(8): [400/1000]	Time 0.537 (0.475)	Calc 0.468 (0.406)	Data 0.001 (0.001)	Loss 0.115 (0.103)	Acc@1 100.000 (99.460)
2023-12-02 13:15:29,526 [INFO] core.trainer: Epoch-(8): [500/1000]	Time 0.480 (0.475)	Calc 0.410 (0.405)	Data 0.001 (0.001)	Loss 0.176 (0.102)	Acc@1 98.667 (99.493)
2023-12-02 13:16:17,408 [INFO] core.trainer: Epoch-(8): [600/1000]	Time 0.496 (0.475)	Calc 0.426 (0.406)	Data 0.001 (0.001)	Loss 0.068 (0.101)	Acc@1 100.000 (99.484)
2023-12-02 13:17:04,124 [INFO] core.trainer: Epoch-(8): [700/1000]	Time 0.426 (0.474)	Calc 0.356 (0.405)	Data 0.001 (0.001)	Loss 0.078 (0.101)	Acc@1 100.000 (99.507)
2023-12-02 13:17:51,605 [INFO] core.trainer: Epoch-(8): [800/1000]	Time 0.473 (0.474)	Calc 0.403 (0.405)	Data 0.001 (0.001)	Loss 0.093 (0.101)	Acc@1 100.000 (99.505)
2023-12-02 13:18:39,245 [INFO] core.trainer: Epoch-(8): [900/1000]	Time 0.485 (0.474)	Calc 0.416 (0.405)	Data 0.001 (0.001)	Loss 0.056 (0.101)	Acc@1 100.000 (99.505)
2023-12-02 13:19:26,187 [INFO] core.trainer: Epoch-(8): [1000/1000]	Time 0.470 (0.474)	Calc 0.401 (0.404)	Data 0.001 (0.001)	Loss 0.131 (0.100)	Acc@1 98.667 (99.513)
2023-12-02 13:19:26,191 [INFO] core.trainer:  * Acc@1 99.513 
2023-12-02 13:19:26,193 [INFO] core.trainer: ============ Validation on the val set ============
2023-12-02 13:19:34,323 [INFO] core.trainer: Epoch-(8): [100/1000]	Time 0.081 (0.081)	Calc 0.078 (0.078)	Data 0.001 (0.001)	Acc@1 85.333 (85.360)
2023-12-02 13:19:42,426 [INFO] core.trainer: Epoch-(8): [200/1000]	Time 0.080 (0.081)	Calc 0.077 (0.078)	Data 0.001 (0.001)	Acc@1 86.667 (84.980)
2023-12-02 13:19:50,599 [INFO] core.trainer: Epoch-(8): [300/1000]	Time 0.079 (0.081)	Calc 0.076 (0.078)	Data 0.001 (0.001)	Acc@1 72.000 (84.840)
2023-12-02 13:19:58,766 [INFO] core.trainer: Epoch-(8): [400/1000]	Time 0.083 (0.081)	Calc 0.079 (0.078)	Data 0.001 (0.001)	Acc@1 100.000 (84.980)
2023-12-02 13:20:06,986 [INFO] core.trainer: Epoch-(8): [500/1000]	Time 0.081 (0.081)	Calc 0.078 (0.078)	Data 0.001 (0.001)	Acc@1 69.333 (85.045)
2023-12-02 13:20:15,220 [INFO] core.trainer: Epoch-(8): [600/1000]	Time 0.086 (0.081)	Calc 0.083 (0.078)	Data 0.001 (0.001)	Acc@1 90.667 (84.949)
2023-12-02 13:20:23,461 [INFO] core.trainer: Epoch-(8): [700/1000]	Time 0.082 (0.081)	Calc 0.079 (0.078)	Data 0.001 (0.001)	Acc@1 94.667 (84.867)
2023-12-02 13:20:31,666 [INFO] core.trainer: Epoch-(8): [800/1000]	Time 0.081 (0.081)	Calc 0.078 (0.078)	Data 0.001 (0.001)	Acc@1 86.667 (84.828)
2023-12-02 13:20:39,916 [INFO] core.trainer: Epoch-(8): [900/1000]	Time 0.083 (0.081)	Calc 0.080 (0.078)	Data 0.001 (0.001)	Acc@1 97.333 (84.871)
2023-12-02 13:20:48,143 [INFO] core.trainer: Epoch-(8): [1000/1000]	Time 0.081 (0.081)	Calc 0.077 (0.078)	Data 0.001 (0.001)	Acc@1 80.000 (84.776)
2023-12-02 13:20:48,146 [INFO] core.trainer:  * Acc@1 84.776 Best acc 85.092
2023-12-02 13:20:48,149 [INFO] core.trainer: ============ Testing on the test set ============
2023-12-02 13:20:56,345 [INFO] core.trainer: Epoch-(8): [100/1000]	Time 0.080 (0.081)	Calc 0.077 (0.078)	Data 0.001 (0.001)	Acc@1 82.667 (82.920)
2023-12-02 13:21:04,590 [INFO] core.trainer: Epoch-(8): [200/1000]	Time 0.080 (0.082)	Calc 0.077 (0.078)	Data 0.001 (0.001)	Acc@1 92.000 (83.700)
2023-12-02 13:21:12,843 [INFO] core.trainer: Epoch-(8): [300/1000]	Time 0.079 (0.082)	Calc 0.075 (0.078)	Data 0.001 (0.001)	Acc@1 88.000 (84.271)
2023-12-02 13:21:21,055 [INFO] core.trainer: Epoch-(8): [400/1000]	Time 0.081 (0.082)	Calc 0.078 (0.078)	Data 0.001 (0.001)	Acc@1 93.333 (84.853)
2023-12-02 13:21:29,274 [INFO] core.trainer: Epoch-(8): [500/1000]	Time 0.080 (0.082)	Calc 0.076 (0.078)	Data 0.001 (0.001)	Acc@1 81.333 (84.971)
2023-12-02 13:21:37,471 [INFO] core.trainer: Epoch-(8): [600/1000]	Time 0.083 (0.082)	Calc 0.080 (0.078)	Data 0.001 (0.001)	Acc@1 68.000 (84.904)
2023-12-02 13:21:45,694 [INFO] core.trainer: Epoch-(8): [700/1000]	Time 0.081 (0.082)	Calc 0.078 (0.078)	Data 0.001 (0.001)	Acc@1 82.667 (84.975)
2023-12-02 13:21:53,937 [INFO] core.trainer: Epoch-(8): [800/1000]	Time 0.083 (0.082)	Calc 0.080 (0.078)	Data 0.001 (0.001)	Acc@1 84.000 (85.020)
2023-12-02 13:22:02,127 [INFO] core.trainer: Epoch-(8): [900/1000]	Time 0.081 (0.082)	Calc 0.077 (0.078)	Data 0.001 (0.001)	Acc@1 76.000 (85.016)
2023-12-02 13:22:10,352 [INFO] core.trainer: Epoch-(8): [1000/1000]	Time 0.079 (0.082)	Calc 0.076 (0.078)	Data 0.001 (0.001)	Acc@1 72.000 (85.009)
2023-12-02 13:22:10,355 [INFO] core.trainer:  * Acc@1 85.009 Best acc 85.115
2023-12-02 13:22:10,357 [INFO] core.trainer:  * Time: 1:35:34/1:46:11.111111
2023-12-02 13:22:10,808 [INFO] core.trainer: ============ Train on the train set ============
2023-12-02 13:22:10,810 [INFO] core.trainer: learning rate: [1e-05]
2023-12-02 13:22:58,848 [INFO] core.trainer: Epoch-(9): [100/1000]	Time 0.462 (0.480)	Calc 0.393 (0.411)	Data 0.001 (0.001)	Loss 0.058 (0.100)	Acc@1 100.000 (99.347)
2023-12-02 13:23:46,200 [INFO] core.trainer: Epoch-(9): [200/1000]	Time 0.508 (0.476)	Calc 0.438 (0.407)	Data 0.001 (0.001)	Loss 0.128 (0.100)	Acc@1 100.000 (99.400)
2023-12-02 13:24:33,551 [INFO] core.trainer: Epoch-(9): [300/1000]	Time 0.488 (0.475)	Calc 0.419 (0.406)	Data 0.001 (0.001)	Loss 0.094 (0.100)	Acc@1 100.000 (99.453)
2023-12-02 13:25:19,710 [INFO] core.trainer: Epoch-(9): [400/1000]	Time 0.431 (0.472)	Calc 0.361 (0.402)	Data 0.001 (0.001)	Loss 0.146 (0.099)	Acc@1 100.000 (99.450)
2023-12-02 13:26:06,072 [INFO] core.trainer: Epoch-(9): [500/1000]	Time 0.469 (0.470)	Calc 0.400 (0.401)	Data 0.001 (0.001)	Loss 0.101 (0.099)	Acc@1 100.000 (99.461)
2023-12-02 13:26:53,484 [INFO] core.trainer: Epoch-(9): [600/1000]	Time 0.501 (0.471)	Calc 0.434 (0.401)	Data 0.001 (0.001)	Loss 0.103 (0.099)	Acc@1 100.000 (99.489)
2023-12-02 13:27:39,388 [INFO] core.trainer: Epoch-(9): [700/1000]	Time 0.421 (0.469)	Calc 0.352 (0.400)	Data 0.001 (0.001)	Loss 0.129 (0.099)	Acc@1 100.000 (99.486)
2023-12-02 13:28:24,378 [INFO] core.trainer: Epoch-(9): [800/1000]	Time 0.476 (0.466)	Calc 0.406 (0.397)	Data 0.001 (0.001)	Loss 0.058 (0.098)	Acc@1 100.000 (99.498)
2023-12-02 13:29:11,163 [INFO] core.trainer: Epoch-(9): [900/1000]	Time 0.471 (0.466)	Calc 0.401 (0.397)	Data 0.001 (0.001)	Loss 0.079 (0.097)	Acc@1 100.000 (99.508)
2023-12-02 13:29:58,499 [INFO] core.trainer: Epoch-(9): [1000/1000]	Time 0.469 (0.467)	Calc 0.400 (0.398)	Data 0.001 (0.001)	Loss 0.064 (0.097)	Acc@1 100.000 (99.496)
2023-12-02 13:29:58,504 [INFO] core.trainer:  * Acc@1 99.496 
2023-12-02 13:29:58,505 [INFO] core.trainer: ============ Validation on the val set ============
2023-12-02 13:30:06,689 [INFO] core.trainer: Epoch-(9): [100/1000]	Time 0.081 (0.081)	Calc 0.078 (0.078)	Data 0.001 (0.001)	Acc@1 84.000 (83.147)
2023-12-02 13:30:14,944 [INFO] core.trainer: Epoch-(9): [200/1000]	Time 0.081 (0.082)	Calc 0.077 (0.078)	Data 0.001 (0.001)	Acc@1 88.000 (84.060)
2023-12-02 13:30:23,128 [INFO] core.trainer: Epoch-(9): [300/1000]	Time 0.081 (0.081)	Calc 0.079 (0.078)	Data 0.001 (0.001)	Acc@1 72.000 (84.480)
2023-12-02 13:30:31,337 [INFO] core.trainer: Epoch-(9): [400/1000]	Time 0.082 (0.081)	Calc 0.079 (0.078)	Data 0.001 (0.001)	Acc@1 85.333 (84.980)
2023-12-02 13:30:39,533 [INFO] core.trainer: Epoch-(9): [500/1000]	Time 0.081 (0.081)	Calc 0.078 (0.078)	Data 0.000 (0.001)	Acc@1 70.667 (85.136)
2023-12-02 13:30:47,800 [INFO] core.trainer: Epoch-(9): [600/1000]	Time 0.078 (0.082)	Calc 0.075 (0.078)	Data 0.001 (0.001)	Acc@1 96.000 (85.016)
2023-12-02 13:30:56,019 [INFO] core.trainer: Epoch-(9): [700/1000]	Time 0.080 (0.082)	Calc 0.077 (0.078)	Data 0.001 (0.001)	Acc@1 96.000 (84.735)
2023-12-02 13:31:04,216 [INFO] core.trainer: Epoch-(9): [800/1000]	Time 0.083 (0.082)	Calc 0.079 (0.078)	Data 0.001 (0.001)	Acc@1 93.333 (84.797)
2023-12-02 13:31:12,424 [INFO] core.trainer: Epoch-(9): [900/1000]	Time 0.079 (0.082)	Calc 0.076 (0.078)	Data 0.001 (0.001)	Acc@1 89.333 (84.797)
2023-12-02 13:31:20,596 [INFO] core.trainer: Epoch-(9): [1000/1000]	Time 0.084 (0.081)	Calc 0.081 (0.078)	Data 0.001 (0.001)	Acc@1 94.667 (84.736)
2023-12-02 13:31:20,600 [INFO] core.trainer:  * Acc@1 84.736 Best acc 85.092
2023-12-02 13:31:20,603 [INFO] core.trainer: ============ Testing on the test set ============
2023-12-02 13:31:28,792 [INFO] core.trainer: Epoch-(9): [100/1000]	Time 0.087 (0.081)	Calc 0.084 (0.078)	Data 0.001 (0.001)	Acc@1 90.667 (85.067)
2023-12-02 13:31:36,985 [INFO] core.trainer: Epoch-(9): [200/1000]	Time 0.078 (0.081)	Calc 0.074 (0.078)	Data 0.001 (0.001)	Acc@1 73.333 (85.647)
2023-12-02 13:31:45,167 [INFO] core.trainer: Epoch-(9): [300/1000]	Time 0.084 (0.081)	Calc 0.081 (0.078)	Data 0.001 (0.001)	Acc@1 80.000 (85.516)
2023-12-02 13:31:53,397 [INFO] core.trainer: Epoch-(9): [400/1000]	Time 0.083 (0.081)	Calc 0.080 (0.078)	Data 0.001 (0.001)	Acc@1 93.333 (85.327)
2023-12-02 13:32:01,642 [INFO] core.trainer: Epoch-(9): [500/1000]	Time 0.079 (0.081)	Calc 0.075 (0.078)	Data 0.001 (0.001)	Acc@1 94.667 (85.432)
2023-12-02 13:32:09,848 [INFO] core.trainer: Epoch-(9): [600/1000]	Time 0.081 (0.081)	Calc 0.078 (0.078)	Data 0.001 (0.001)	Acc@1 88.000 (85.227)
2023-12-02 13:32:18,055 [INFO] core.trainer: Epoch-(9): [700/1000]	Time 0.082 (0.081)	Calc 0.079 (0.078)	Data 0.001 (0.001)	Acc@1 90.667 (85.011)
2023-12-02 13:32:26,277 [INFO] core.trainer: Epoch-(9): [800/1000]	Time 0.085 (0.081)	Calc 0.082 (0.078)	Data 0.001 (0.001)	Acc@1 92.000 (85.182)
2023-12-02 13:32:34,480 [INFO] core.trainer: Epoch-(9): [900/1000]	Time 0.078 (0.081)	Calc 0.075 (0.078)	Data 0.001 (0.001)	Acc@1 73.333 (85.256)
2023-12-02 13:32:42,674 [INFO] core.trainer: Epoch-(9): [1000/1000]	Time 0.080 (0.081)	Calc 0.076 (0.078)	Data 0.002 (0.001)	Acc@1 61.333 (85.251)
2023-12-02 13:32:42,678 [INFO] core.trainer:  * Acc@1 85.251 Best acc 85.115
2023-12-02 13:32:42,680 [INFO] core.trainer:  * Time: 1:46:07/1:46:07
2023-12-02 13:32:43,135 [INFO] core.trainer: End of experiment, took 1:46:07
2023-12-02 13:32:43,137 [INFO] core.trainer: Result DIR: ./results/ADM-WebCaricature-resnet12-5-1-Dec-02-2023-11-46-26
